d:\tobia\informatik\software\cpp\cpp_projektmappe\01_cpp beginner\debug\vc142.pdb
d:\tobia\informatik\software\cpp\cpp_projektmappe\01_cpp beginner\debug\vc142.idb
d:\tobia\informatik\software\cpp\cpp_projektmappe\01_cpp beginner\debug\14_do_while_schleife.obj
d:\tobia\informatik\software\cpp\cpp_projektmappe\01_cpp beginner\debug\13_while_schleife.obj
d:\tobia\informatik\software\cpp\cpp_projektmappe\01_cpp beginner\debug\12_example1.obj
d:\tobia\informatik\software\cpp\cpp_projektmappe\01_cpp beginner\debug\11_geschachtelte_for_schleife.obj
d:\tobia\informatik\software\cpp\cpp_projektmappe\01_cpp beginner\debug\10_example2.obj
d:\tobia\informatik\software\cpp\cpp_projektmappe\01_cpp beginner\debug\09_example1.obj
d:\tobia\informatik\software\cpp\cpp_projektmappe\01_cpp beginner\debug\08_for-schleifen.obj
d:\tobia\informatik\software\cpp\cpp_projektmappe\01_cpp beginner\debug\07_switch.obj
d:\tobia\informatik\software\cpp\cpp_projektmappe\01_cpp beginner\debug\06_modulo.obj
d:\tobia\informatik\software\cpp\cpp_projektmappe\01_cpp beginner\debug\05_example1.obj
d:\tobia\informatik\software\cpp\cpp_projektmappe\01_cpp beginner\debug\00_variablen.obj
d:\tobia\informatik\software\cpp\cpp_projektmappe\01_cpp beginner\debug\04_abfragen.obj
d:\tobia\informatik\software\cpp\cpp_projektmappe\01_cpp beginner\debug\03_example3.obj
d:\tobia\informatik\software\cpp\cpp_projektmappe\01_cpp beginner\debug\02_example2.obj
d:\tobia\informatik\software\cpp\cpp_projektmappe\01_cpp beginner\debug\01_example1.obj
d:\tobia\informatik\software\cpp\cpp_projektmappe\debug\01_cpp_grundlagen.pdb
d:\tobia\informatik\software\cpp\cpp_projektmappe\01_cpp beginner\debug\01_cpp_g.9ae3404e.tlog\cl.command.1.tlog
d:\tobia\informatik\software\cpp\cpp_projektmappe\01_cpp beginner\debug\01_cpp_g.9ae3404e.tlog\cl.read.1.tlog
d:\tobia\informatik\software\cpp\cpp_projektmappe\01_cpp beginner\debug\01_cpp_g.9ae3404e.tlog\cl.write.1.tlog
d:\tobia\informatik\software\cpp\cpp_projektmappe\01_cpp beginner\debug\01_cpp_g.9ae3404e.tlog\link.20372-cvtres.read.1.tlog
d:\tobia\informatik\software\cpp\cpp_projektmappe\01_cpp beginner\debug\01_cpp_g.9ae3404e.tlog\link.20372-cvtres.write.1.tlog
d:\tobia\informatik\software\cpp\cpp_projektmappe\01_cpp beginner\debug\01_cpp_g.9ae3404e.tlog\link.20372-rc.read.1.tlog
d:\tobia\informatik\software\cpp\cpp_projektmappe\01_cpp beginner\debug\01_cpp_g.9ae3404e.tlog\link.20372-rc.write.1.tlog
d:\tobia\informatik\software\cpp\cpp_projektmappe\01_cpp beginner\debug\01_cpp_g.9ae3404e.tlog\link.20372.read.1.tlog
d:\tobia\informatik\software\cpp\cpp_projektmappe\01_cpp beginner\debug\01_cpp_g.9ae3404e.tlog\link.20372.write.1.tlog
d:\tobia\informatik\software\cpp\cpp_projektmappe\01_cpp beginner\debug\01_cpp_g.9ae3404e.tlog\link.command.1.tlog
d:\tobia\informatik\software\cpp\cpp_projektmappe\01_cpp beginner\debug\01_cpp_g.9ae3404e.tlog\link.read.1.tlog
d:\tobia\informatik\software\cpp\cpp_projektmappe\01_cpp beginner\debug\01_cpp_g.9ae3404e.tlog\link.write.1.tlog
